app/build/intermediates/manifest_merge_blame_file/debug/manifest-merger-blame-debug-report.txt
1<?xml version="1.0" encoding="utf-8"?>
2<manifest xmlns:android="http://schemas.android.com/apk/res/android"
3    package="com.example.evoting"
4    android:versionCode="1"
5    android:versionName="1.0" >
6
7    <uses-sdk
8        android:minSdkVersion="16"
8-->src\main\AndroidManifest.xml
9        android:targetSdkVersion="29" />
9-->src\main\AndroidManifest.xml
10
11    <!-- Although the *SdkVersion is captured in gradle build files, this is required for non gradle builds -->
12    <!-- <uses-sdk android:minSdkVersion="14"/> -->
13    <uses-permission android:name="android.permission.ACCESS_NETWORK_STATE" />
13-->[com.google.firebase:firebase-database:19.2.0] AndroidManifest.xml:25:5-79
13-->[com.google.firebase:firebase-database:19.2.0] AndroidManifest.xml:25:22-76
14    <uses-permission android:name="android.permission.INTERNET" />
14-->[com.google.firebase:firebase-database:19.2.0] AndroidManifest.xml:26:5-67
14-->[com.google.firebase:firebase-database:19.2.0] AndroidManifest.xml:26:22-64
15    <uses-permission android:name="android.permission.WAKE_LOCK" /> <!-- Required by older versions of Google Play services to create IID tokens -->
15-->[com.google.android.gms:play-services-measurement-api:17.2.0] AndroidManifest.xml:24:5-68
15-->[com.google.android.gms:play-services-measurement-api:17.2.0] AndroidManifest.xml:24:22-65
16    <uses-permission android:name="com.google.android.c2dm.permission.RECEIVE" />
16-->[com.google.firebase:firebase-iid:19.0.0] AndroidManifest.xml:26:5-82
16-->[com.google.firebase:firebase-iid:19.0.0] AndroidManifest.xml:26:22-79
17    <uses-permission android:name="com.google.android.finsky.permission.BIND_GET_INSTALL_REFERRER_SERVICE" />
17-->[com.google.android.gms:play-services-measurement:17.2.0] AndroidManifest.xml:26:5-110
17-->[com.google.android.gms:play-services-measurement:17.2.0] AndroidManifest.xml:26:22-107
18
19    <application
19-->src\main\AndroidManifest.xml:5:5-21:19
20        android:allowBackup="true"
20-->src\main\AndroidManifest.xml:6:9-35
21        android:appComponentFactory="androidx.core.app.CoreComponentFactory"
21-->[androidx.core:core:1.1.0] AndroidManifest.xml:24:18-86
22        android:debuggable="true"
23        android:icon="@mipmap/ic_launcher"
23-->src\main\AndroidManifest.xml:7:9-43
24        android:label="@string/app_name"
24-->src\main\AndroidManifest.xml:8:9-41
25        android:roundIcon="@mipmap/ic_launcher_round"
25-->src\main\AndroidManifest.xml:9:9-54
26        android:supportsRtl="true"
26-->src\main\AndroidManifest.xml:10:9-35
27        android:testOnly="true"
28        android:theme="@style/AppTheme" >
28-->src\main\AndroidManifest.xml:11:9-40
29        <activity android:name="com.example.evoting.Dashboard" />
29-->src\main\AndroidManifest.xml:12:9-56
29-->src\main\AndroidManifest.xml:12:19-44
30        <activity android:name="com.example.evoting.Signup" />
30-->src\main\AndroidManifest.xml:13:9-44
30-->src\main\AndroidManifest.xml:13:19-41
31        <activity android:name="com.example.evoting.MainActivity" >
31-->src\main\AndroidManifest.xml:14:9-20:20
31-->src\main\AndroidManifest.xml:14:19-47
32            <intent-filter>
32-->src\main\AndroidManifest.xml:15:13-19:29
33                <action android:name="android.intent.action.MAIN" />
33-->src\main\AndroidManifest.xml:16:17-69
33-->src\main\AndroidManifest.xml:16:25-66
34
35                <category android:name="android.intent.category.LAUNCHER" />
35-->src\main\AndroidManifest.xml:18:17-77
35-->src\main\AndroidManifest.xml:18:27-74
36            </intent-filter>
37        </activity>
38
39        <service
39-->[com.google.firebase:firebase-database:19.2.0] AndroidManifest.xml:29:9-35:19
40            android:name="com.google.firebase.components.ComponentDiscoveryService"
40-->[com.google.firebase:firebase-database:19.2.0] AndroidManifest.xml:30:13-84
41            android:directBootAware="true"
41-->[com.google.firebase:firebase-common:19.2.0] AndroidManifest.xml:15:13-43
42            android:exported="false" >
42-->[com.google.firebase:firebase-database:19.2.0] AndroidManifest.xml:31:13-37
43            <meta-data
43-->[com.google.firebase:firebase-database:19.2.0] AndroidManifest.xml:32:13-34:85
44                android:name="com.google.firebase.components:com.google.firebase.database.DatabaseRegistrar"
44-->[com.google.firebase:firebase-database:19.2.0] AndroidManifest.xml:33:17-109
45                android:value="com.google.firebase.components.ComponentRegistrar" />
45-->[com.google.firebase:firebase-database:19.2.0] AndroidManifest.xml:34:17-82
46            <meta-data
46-->[com.google.android.gms:play-services-measurement-api:17.2.0] AndroidManifest.xml:30:13-32:85
47                android:name="com.google.firebase.components:com.google.firebase.analytics.connector.internal.AnalyticsConnectorRegistrar"
47-->[com.google.android.gms:play-services-measurement-api:17.2.0] AndroidManifest.xml:31:17-139
48                android:value="com.google.firebase.components.ComponentRegistrar" />
48-->[com.google.android.gms:play-services-measurement-api:17.2.0] AndroidManifest.xml:32:17-82
49            <meta-data
49-->[com.google.firebase:firebase-iid:19.0.0] AndroidManifest.xml:32:13-34:85
50                android:name="com.google.firebase.components:com.google.firebase.iid.Registrar"
50-->[com.google.firebase:firebase-iid:19.0.0] AndroidManifest.xml:33:17-96
51                android:value="com.google.firebase.components.ComponentRegistrar" />
51-->[com.google.firebase:firebase-iid:19.0.0] AndroidManifest.xml:34:17-82
52        </service>
53
54        <receiver
54-->[com.google.firebase:firebase-iid:19.0.0] AndroidManifest.xml:37:9-44:20
55            android:name="com.google.firebase.iid.FirebaseInstanceIdReceiver"
55-->[com.google.firebase:firebase-iid:19.0.0] AndroidManifest.xml:38:13-78
56            android:exported="true"
56-->[com.google.firebase:firebase-iid:19.0.0] AndroidManifest.xml:39:13-36
57            android:permission="com.google.android.c2dm.permission.SEND" >
57-->[com.google.firebase:firebase-iid:19.0.0] AndroidManifest.xml:40:13-73
58            <intent-filter>
58-->[com.google.firebase:firebase-iid:19.0.0] AndroidManifest.xml:41:13-43:29
59                <action android:name="com.google.android.c2dm.intent.RECEIVE" />
59-->[com.google.firebase:firebase-iid:19.0.0] AndroidManifest.xml:42:17-81
59-->[com.google.firebase:firebase-iid:19.0.0] AndroidManifest.xml:42:25-78
60            </intent-filter>
61        </receiver>
62
63        <activity
63-->[com.google.android.gms:play-services-base:17.0.0] AndroidManifest.xml:23:9-26:75
64            android:name="com.google.android.gms.common.api.GoogleApiActivity"
64-->[com.google.android.gms:play-services-base:17.0.0] AndroidManifest.xml:24:13-79
65            android:exported="false"
65-->[com.google.android.gms:play-services-base:17.0.0] AndroidManifest.xml:25:13-37
66            android:theme="@android:style/Theme.Translucent.NoTitleBar" />
66-->[com.google.android.gms:play-services-base:17.0.0] AndroidManifest.xml:26:13-72
67
68        <receiver
68-->[com.google.android.gms:play-services-measurement:17.2.0] AndroidManifest.xml:29:9-33:20
69            android:name="com.google.android.gms.measurement.AppMeasurementReceiver"
69-->[com.google.android.gms:play-services-measurement:17.2.0] AndroidManifest.xml:30:13-85
70            android:enabled="true"
70-->[com.google.android.gms:play-services-measurement:17.2.0] AndroidManifest.xml:31:13-35
71            android:exported="false" >
71-->[com.google.android.gms:play-services-measurement:17.2.0] AndroidManifest.xml:32:13-37
72        </receiver>
73        <receiver
73-->[com.google.android.gms:play-services-measurement:17.2.0] AndroidManifest.xml:34:9-42:20
74            android:name="com.google.android.gms.measurement.AppMeasurementInstallReferrerReceiver"
74-->[com.google.android.gms:play-services-measurement:17.2.0] AndroidManifest.xml:35:13-100
75            android:enabled="true"
75-->[com.google.android.gms:play-services-measurement:17.2.0] AndroidManifest.xml:36:13-35
76            android:exported="true"
76-->[com.google.android.gms:play-services-measurement:17.2.0] AndroidManifest.xml:37:13-36
77            android:permission="android.permission.INSTALL_PACKAGES" >
77-->[com.google.android.gms:play-services-measurement:17.2.0] AndroidManifest.xml:38:13-69
78            <intent-filter>
78-->[com.google.android.gms:play-services-measurement:17.2.0] AndroidManifest.xml:39:13-41:29
79                <action android:name="com.android.vending.INSTALL_REFERRER" />
79-->[com.google.android.gms:play-services-measurement:17.2.0] AndroidManifest.xml:40:17-79
79-->[com.google.android.gms:play-services-measurement:17.2.0] AndroidManifest.xml:40:25-76
80            </intent-filter>
81        </receiver>
82
83        <service
83-->[com.google.android.gms:play-services-measurement:17.2.0] AndroidManifest.xml:44:9-47:40
84            android:name="com.google.android.gms.measurement.AppMeasurementService"
84-->[com.google.android.gms:play-services-measurement:17.2.0] AndroidManifest.xml:45:13-84
85            android:enabled="true"
85-->[com.google.android.gms:play-services-measurement:17.2.0] AndroidManifest.xml:46:13-35
86            android:exported="false" />
86-->[com.google.android.gms:play-services-measurement:17.2.0] AndroidManifest.xml:47:13-37
87        <service
87-->[com.google.android.gms:play-services-measurement:17.2.0] AndroidManifest.xml:48:9-52:72
88            android:name="com.google.android.gms.measurement.AppMeasurementJobService"
88-->[com.google.android.gms:play-services-measurement:17.2.0] AndroidManifest.xml:49:13-87
89            android:enabled="true"
89-->[com.google.android.gms:play-services-measurement:17.2.0] AndroidManifest.xml:50:13-35
90            android:exported="false"
90-->[com.google.android.gms:play-services-measurement:17.2.0] AndroidManifest.xml:51:13-37
91            android:permission="android.permission.BIND_JOB_SERVICE" />
91-->[com.google.android.gms:play-services-measurement:17.2.0] AndroidManifest.xml:52:13-69
92
93        <provider
93-->[com.google.firebase:firebase-common:19.2.0] AndroidManifest.xml:19:9-23:39
94            android:name="com.google.firebase.provider.FirebaseInitProvider"
94-->[com.google.firebase:firebase-common:19.2.0] AndroidManifest.xml:20:13-77
95            android:authorities="com.example.evoting.firebaseinitprovider"
95-->[com.google.firebase:firebase-common:19.2.0] AndroidManifest.xml:21:13-72
96            android:exported="false"
96-->[com.google.firebase:firebase-common:19.2.0] AndroidManifest.xml:22:13-37
97            android:initOrder="100" />
97-->[com.google.firebase:firebase-common:19.2.0] AndroidManifest.xml:23:13-36
98
99        <meta-data
99-->[com.google.android.gms:play-services-basement:17.0.0] AndroidManifest.xml:23:9-25:69
100            android:name="com.google.android.gms.version"
100-->[com.google.android.gms:play-services-basement:17.0.0] AndroidManifest.xml:24:13-58
101            android:value="@integer/google_play_services_version" />
101-->[com.google.android.gms:play-services-basement:17.0.0] AndroidManifest.xml:25:13-66
102    </application>
103
104</manifest>